<?xml version="1.0" encoding="UTF-8"?>
<!-- Generated by org.testng.reporters.JUnitXMLReporter -->
<testsuite ignored="0" hostname="IN-PG0351PR" failures="0" tests="8" name="Default test" time="14.29" errors="0" timestamp="2023-09-30T03:48:09 IST">
  <testcase classname="tests.FirstTest" name="testAuthentication" time="4.447"/>
  <testcase classname="tests.FirstTest" name="createBookingTest" time="1.526"/>
  <testcase classname="tests.FirstTest" name="updateBookingTest" time="1.346"/>
  <testcase classname="tests.FirstTest" name="getBookingTest" time="1.427"/>
  <testcase classname="tests.SecondTest" name="testAuthentication" time="1.339"/>
  <testcase classname="tests.SecondTest" name="createBookingTest" time="1.419"/>
  <testcase classname="tests.SecondTest" name="patchBookingTest" time="1.4"/>
  <testcase classname="tests.SecondTest" name="deleteBookingTest" time="1.349"/>
</testsuite> <!-- Default test -->
