<?xml version="1.0" encoding="UTF-8"?>
<!-- Generated by org.testng.reporters.JUnitXMLReporter -->
<testsuite ignored="0" hostname="DESKTOP-4ADN1HA" failures="0" tests="8" name="Surefire test" time="18.285" errors="0" timestamp="2023-09-30T15:48:11 IST">
  <testcase classname="tests.FirstTest" name="testAuthentication" time="4.386"/>
  <testcase classname="tests.FirstTest" name="createBookingTest" time="1.979"/>
  <testcase classname="tests.FirstTest" name="updateBookingTest" time="2.245"/>
  <testcase classname="tests.FirstTest" name="getBookingTest" time="2.255"/>
  <testcase classname="tests.SecondTest" name="testAuthentication" time="1.597"/>
  <testcase classname="tests.SecondTest" name="createBookingTest" time="2.308"/>
  <testcase classname="tests.SecondTest" name="patchBookingTest" time="1.527"/>
  <testcase classname="tests.SecondTest" name="deleteBookingTest" time="1.948"/>
</testsuite> <!-- Surefire test -->
