<?xml version="1.0" encoding="UTF-8"?>
<testsuite xmlns:xsi="http://www.w3.org/2001/XMLSchema-instance" xsi:noNamespaceSchemaLocation="https://maven.apache.org/surefire/maven-surefire-plugin/xsd/surefire-test-report.xsd" name="TestSuite" time="19.446" tests="9" errors="0" skipped="0" failures="0">
  <properties>
[...]
</properties>
  <testcase name="testAuthentication" classname="tests.FirstTest" time="4.388"/>
  <testcase name="createBookingTest" classname="tests.FirstTest" time="1.994"/>
  <testcase name="updateBookingTest" classname="tests.FirstTest" time="2.26"/>
  <testcase name="getBookingTest" classname="tests.FirstTest" time="2.24"/>
  <testcase name="testAuthentication" classname="tests.SecondTest" time="1.597"/>
  <testcase name="createBookingTest" classname="tests.SecondTest" time="2.308"/>
  <testcase name="patchBookingTest" classname="tests.SecondTest" time="1.531"/>
  <testcase name="deleteBookingTest" classname="tests.SecondTest" time="1.944"/>
  <testcase name="shouldAnswerWithTrue on shouldAnswerWithTrue(api_assignment.api_assignment.AppTest)" classname="api_assignment.api_assignment.AppTest" time="0"/>
</testsuite>