<?xml version="1.0" encoding="UTF-8"?>
<testng-results ignored="0" total="8" passed="8" failed="0" skipped="0">
  <reporter-output>
  </reporter-output>
  <suite started-at="2023-09-30T03:47:55 IST" name="Default suite" finished-at="2023-09-30T03:48:09 IST" duration-ms="14290">
    <groups>
    </groups>
    <test started-at="2023-09-30T03:47:55 IST" name="Default test" finished-at="2023-09-30T03:48:09 IST" duration-ms="14290">
      <class name="tests.FirstTest">
        <test-method signature="testAuthentication()[pri:1, instance:tests.FirstTest@5d25e6bb]" started-at="2023-09-30T03:47:55 IST" name="testAuthentication" finished-at="2023-09-30T03:47:59 IST" duration-ms="4447" status="PASS">
          <reporter-output>
          </reporter-output>
        </test-method> <!-- testAuthentication -->
        <test-method signature="createBookingTest()[pri:2, instance:tests.FirstTest@5d25e6bb]" started-at="2023-09-30T03:47:59 IST" name="createBookingTest" finished-at="2023-09-30T03:48:01 IST" duration-ms="1526" status="PASS">
          <reporter-output>
          </reporter-output>
        </test-method> <!-- createBookingTest -->
        <test-method signature="updateBookingTest()[pri:3, instance:tests.FirstTest@5d25e6bb]" started-at="2023-09-30T03:48:01 IST" name="updateBookingTest" finished-at="2023-09-30T03:48:02 IST" duration-ms="1346" status="PASS">
          <reporter-output>
          </reporter-output>
        </test-method> <!-- updateBookingTest -->
        <test-method signature="getBookingTest()[pri:4, instance:tests.FirstTest@5d25e6bb]" started-at="2023-09-30T03:48:02 IST" name="getBookingTest" finished-at="2023-09-30T03:48:03 IST" duration-ms="1427" status="PASS">
          <reporter-output>
          </reporter-output>
        </test-method> <!-- getBookingTest -->
      </class> <!-- tests.FirstTest -->
      <class name="tests.SecondTest">
        <test-method signature="testAuthentication()[pri:1, instance:tests.SecondTest@ce5a68e]" started-at="2023-09-30T03:48:03 IST" name="testAuthentication" finished-at="2023-09-30T03:48:05 IST" duration-ms="1339" status="PASS">
          <reporter-output>
          </reporter-output>
        </test-method> <!-- testAuthentication -->
        <test-method signature="createBookingTest()[pri:2, instance:tests.SecondTest@ce5a68e]" started-at="2023-09-30T03:48:05 IST" name="createBookingTest" finished-at="2023-09-30T03:48:06 IST" duration-ms="1419" status="PASS">
          <reporter-output>
          </reporter-output>
        </test-method> <!-- createBookingTest -->
        <test-method signature="patchBookingTest()[pri:3, instance:tests.SecondTest@ce5a68e]" started-at="2023-09-30T03:48:06 IST" name="patchBookingTest" finished-at="2023-09-30T03:48:08 IST" duration-ms="1400" status="PASS">
          <reporter-output>
          </reporter-output>
        </test-method> <!-- patchBookingTest -->
        <test-method signature="deleteBookingTest()[pri:4, instance:tests.SecondTest@ce5a68e]" started-at="2023-09-30T03:48:08 IST" name="deleteBookingTest" finished-at="2023-09-30T03:48:09 IST" duration-ms="1349" status="PASS">
          <reporter-output>
          </reporter-output>
        </test-method> <!-- deleteBookingTest -->
      </class> <!-- tests.SecondTest -->
    </test> <!-- Default test -->
  </suite> <!-- Default suite -->
</testng-results>
